<?xml version="1.0" encoding="UTF-8"?>
<!-- Generated by org.testng.reporters.JUnitReportReporter -->
<testsuite hostname="PisePC" failures="0" tests="1" name="keyworddrivenframe.tests.DriverScript" time="2.842" errors="0" timestamp="03 Oct 2020 02:53:32 GMT" skipped="0">
  <testcase classname="keyworddrivenframe.tests.DriverScript" name="validateLogin" time="2.842"/>
</testsuite> <!-- keyworddrivenframe.tests.DriverScript -->
